0 info it worked if it ends with ok
1 verbose cli [ '/usr/local/Cellar/node/6.5.0/bin/node',
1 verbose cli   '/usr/local/bin/npm',
1 verbose cli   'isntall',
1 verbose cli   'homebrew' ]
2 info using npm@3.10.3
3 info using node@v6.5.0
4 silly loadCurrentTree Starting
5 silly install loadCurrentTree
6 silly install readLocalPackageData
7 silly fetchPackageMetaData homebrew
8 silly fetchNamedPackageData homebrew
9 silly mapToRegistry name homebrew
10 silly mapToRegistry using default registry
11 silly mapToRegistry registry https://registry.npmjs.org/
12 silly mapToRegistry data Result {
12 silly mapToRegistry   raw: 'homebrew',
12 silly mapToRegistry   scope: null,
12 silly mapToRegistry   escapedName: 'homebrew',
12 silly mapToRegistry   name: 'homebrew',
12 silly mapToRegistry   rawSpec: '',
12 silly mapToRegistry   spec: 'latest',
12 silly mapToRegistry   type: 'tag' }
13 silly mapToRegistry uri https://registry.npmjs.org/homebrew
14 verbose request uri https://registry.npmjs.org/homebrew
15 verbose request no auth needed
16 info attempt registry request try #1 at 9:33:27 AM
17 verbose request id 8c0bfdc9035ffe7c
18 http request GET https://registry.npmjs.org/homebrew
19 http 200 https://registry.npmjs.org/homebrew
20 verbose headers { server: 'CouchDB/1.5.0 (Erlang OTP/R16B03)',
20 verbose headers   etag: '"ARZPZ5S1AXJ9T8R2LS1B3G8JG"',
20 verbose headers   'content-type': 'application/json',
20 verbose headers   'content-encoding': 'gzip',
20 verbose headers   'cache-control': 'max-age=300',
20 verbose headers   'content-length': '1092',
20 verbose headers   'accept-ranges': 'bytes',
20 verbose headers   date: 'Sun, 06 Nov 2016 07:33:26 GMT',
20 verbose headers   via: '1.1 varnish',
20 verbose headers   age: '0',
20 verbose headers   connection: 'keep-alive',
20 verbose headers   'x-served-by': 'cache-lcy1150-LCY',
20 verbose headers   'x-cache': 'MISS',
20 verbose headers   'x-cache-hits': '0',
20 verbose headers   'x-timer': 'S1478417606.717907,VS0,VE165',
20 verbose headers   vary: 'Accept-Encoding' }
21 silly get cb [ 200,
21 silly get   { server: 'CouchDB/1.5.0 (Erlang OTP/R16B03)',
21 silly get     etag: '"ARZPZ5S1AXJ9T8R2LS1B3G8JG"',
21 silly get     'content-type': 'application/json',
21 silly get     'content-encoding': 'gzip',
21 silly get     'cache-control': 'max-age=300',
21 silly get     'content-length': '1092',
21 silly get     'accept-ranges': 'bytes',
21 silly get     date: 'Sun, 06 Nov 2016 07:33:26 GMT',
21 silly get     via: '1.1 varnish',
21 silly get     age: '0',
21 silly get     connection: 'keep-alive',
21 silly get     'x-served-by': 'cache-lcy1150-LCY',
21 silly get     'x-cache': 'MISS',
21 silly get     'x-cache-hits': '0',
21 silly get     'x-timer': 'S1478417606.717907,VS0,VE165',
21 silly get     vary: 'Accept-Encoding' } ]
22 verbose get saving homebrew to /Users/michaelbotes/.npm/registry.npmjs.org/homebrew/.cache.json
23 verbose correctMkdir /Users/michaelbotes/.npm correctMkdir not in flight; initializing
24 silly install normalizeTree
25 silly loadCurrentTree Finishing
26 silly loadIdealTree Starting
27 silly install loadIdealTree
28 silly cloneCurrentTree Starting
29 silly install cloneCurrentTreeToIdealTree
30 silly cloneCurrentTree Finishing
31 silly loadShrinkwrap Starting
32 silly install loadShrinkwrap
33 silly loadShrinkwrap Finishing
34 silly loadAllDepsIntoIdealTree Starting
35 silly install loadAllDepsIntoIdealTree
36 silly resolveWithNewModule homebrew@0.1.0 checking installable status
37 silly cache add args [ 'homebrew', null ]
38 verbose cache add spec homebrew
39 silly cache add parsed spec Result {
39 silly cache add   raw: 'homebrew',
39 silly cache add   scope: null,
39 silly cache add   escapedName: 'homebrew',
39 silly cache add   name: 'homebrew',
39 silly cache add   rawSpec: '',
39 silly cache add   spec: 'latest',
39 silly cache add   type: 'tag' }
40 silly addNamed homebrew@latest
41 verbose addNamed "latest" is being treated as a dist-tag for homebrew
42 info addNameTag [ 'homebrew', 'latest' ]
43 silly mapToRegistry name homebrew
44 silly mapToRegistry using default registry
45 silly mapToRegistry registry https://registry.npmjs.org/
46 silly mapToRegistry data Result {
46 silly mapToRegistry   raw: 'homebrew',
46 silly mapToRegistry   scope: null,
46 silly mapToRegistry   escapedName: 'homebrew',
46 silly mapToRegistry   name: 'homebrew',
46 silly mapToRegistry   rawSpec: '',
46 silly mapToRegistry   spec: 'latest',
46 silly mapToRegistry   type: 'tag' }
47 silly mapToRegistry uri https://registry.npmjs.org/homebrew
48 verbose addNameTag registry:https://registry.npmjs.org/homebrew not in flight; fetching
49 verbose get https://registry.npmjs.org/homebrew not expired, no request
50 silly addNameTag next cb for homebrew with tag latest
51 silly addNamed homebrew@0.1.0
52 verbose addNamed "0.1.0" is a plain semver version for homebrew
53 silly mapToRegistry name homebrew
54 silly mapToRegistry using default registry
55 silly mapToRegistry registry https://registry.npmjs.org/
56 silly mapToRegistry data Result {
56 silly mapToRegistry   raw: 'homebrew',
56 silly mapToRegistry   scope: null,
56 silly mapToRegistry   escapedName: 'homebrew',
56 silly mapToRegistry   name: 'homebrew',
56 silly mapToRegistry   rawSpec: '',
56 silly mapToRegistry   spec: 'latest',
56 silly mapToRegistry   type: 'tag' }
57 silly mapToRegistry uri https://registry.npmjs.org/homebrew
58 verbose addRemoteTarball https://registry.npmjs.org/homebrew/-/homebrew-0.1.0.tgz not in flight; adding
59 verbose addRemoteTarball [ 'https://registry.npmjs.org/homebrew/-/homebrew-0.1.0.tgz',
59 verbose addRemoteTarball   'cf898055ed935acf00da696a9078877f27c4ad57' ]
60 info retry fetch attempt 1 at 9:33:30 AM
61 info attempt registry request try #1 at 9:33:30 AM
62 http fetch GET https://registry.npmjs.org/homebrew/-/homebrew-0.1.0.tgz
63 http fetch 200 https://registry.npmjs.org/homebrew/-/homebrew-0.1.0.tgz
64 silly fetchAndShaCheck shasum cf898055ed935acf00da696a9078877f27c4ad57
65 verbose addTmpTarball /var/folders/cj/w44l5ncx4dl75fzn6sfv2zv40000gn/T/npm-4095-acc61254/registry.npmjs.org/homebrew/-/homebrew-0.1.0.tgz not in flight; adding
66 verbose addTmpTarball already have metadata; skipping unpack for homebrew@0.1.0
67 verbose correctMkdir /Users/michaelbotes/.npm correctMkdir not in flight; initializing
68 silly cache afterAdd homebrew@0.1.0
69 verbose afterAdd /Users/michaelbotes/.npm/homebrew/0.1.0/package/package.json not in flight; writing
70 verbose correctMkdir /Users/michaelbotes/.npm correctMkdir not in flight; initializing
71 verbose afterAdd /Users/michaelbotes/.npm/homebrew/0.1.0/package/package.json written
72 silly loadAllDepsIntoIdealTree Finishing
73 silly loadIdealTree Finishing
74 silly currentTree loc8r@0.0.0
74 silly currentTree ├── accepts@1.3.3
74 silly currentTree ├── acorn-globals@1.0.9
74 silly currentTree ├── acorn@2.7.0
74 silly currentTree ├── align-text@0.1.4
74 silly currentTree ├── amdefine@1.0.1
74 silly currentTree ├── array-flatten@1.1.1
74 silly currentTree ├── asap@1.0.0
74 silly currentTree ├── async@0.2.10
74 silly currentTree ├── basic-auth@1.0.4
74 silly currentTree ├── body-parser@1.15.2
74 silly currentTree ├── bytes@2.4.0
74 silly currentTree ├── camelcase@1.2.1
74 silly currentTree ├── center-align@0.1.3
74 silly currentTree ├── character-parser@1.2.1
74 silly currentTree ├─┬ clean-css@3.4.20
74 silly currentTree │ └── commander@2.8.1
74 silly currentTree ├─┬ cliui@2.1.0
74 silly currentTree │ └── wordwrap@0.0.2
74 silly currentTree ├── commander@2.6.0
74 silly currentTree ├── constantinople@3.0.2
74 silly currentTree ├── content-disposition@0.5.1
74 silly currentTree ├── content-type@1.0.2
74 silly currentTree ├── cookie-parser@1.4.3
74 silly currentTree ├── cookie-signature@1.0.6
74 silly currentTree ├── cookie@0.3.1
74 silly currentTree ├── css-parse@1.0.4
74 silly currentTree ├── css-stringify@1.0.5
74 silly currentTree ├── css@1.0.8
74 silly currentTree ├── debug@2.2.0
74 silly currentTree ├── decamelize@1.2.0
74 silly currentTree ├── depd@1.1.0
74 silly currentTree ├── destroy@1.0.4
74 silly currentTree ├── ee-first@1.1.1
74 silly currentTree ├── encodeurl@1.0.1
74 silly currentTree ├── escape-html@1.0.3
74 silly currentTree ├── etag@1.7.0
74 silly currentTree ├── express@4.14.0
74 silly currentTree ├── finalhandler@0.5.0
74 silly currentTree ├── forwarded@0.1.0
74 silly currentTree ├── fresh@0.3.0
74 silly currentTree ├── graceful-readlink@1.0.1
74 silly currentTree ├── http-errors@1.5.0
74 silly currentTree ├── iconv-lite@0.4.13
74 silly currentTree ├── inherits@2.0.1
74 silly currentTree ├── ipaddr.js@1.1.1
74 silly currentTree ├── is-buffer@1.1.4
74 silly currentTree ├── is-promise@2.1.0
74 silly currentTree ├── jade@1.11.0
74 silly currentTree ├── jstransformer@0.0.2
74 silly currentTree ├── kind-of@3.0.4
74 silly currentTree ├── lazy-cache@1.0.4
74 silly currentTree ├── longest@1.0.1
74 silly currentTree ├── media-typer@0.3.0
74 silly currentTree ├── merge-descriptors@1.0.1
74 silly currentTree ├── methods@1.1.2
74 silly currentTree ├── mime-db@1.24.0
74 silly currentTree ├── mime-types@2.1.12
74 silly currentTree ├── mime@1.3.4
74 silly currentTree ├── minimist@0.0.8
74 silly currentTree ├── mkdirp@0.5.1
74 silly currentTree ├── morgan@1.7.0
74 silly currentTree ├── ms@0.7.1
74 silly currentTree ├── negotiator@0.6.1
74 silly currentTree ├── on-finished@2.3.0
74 silly currentTree ├── on-headers@1.0.1
74 silly currentTree ├── optimist@0.3.7
74 silly currentTree ├── parseurl@1.3.1
74 silly currentTree ├── path-to-regexp@0.1.7
74 silly currentTree ├── promise@6.1.0
74 silly currentTree ├── proxy-addr@1.1.2
74 silly currentTree ├── qs@6.2.0
74 silly currentTree ├── range-parser@1.2.0
74 silly currentTree ├── raw-body@2.1.7
74 silly currentTree ├── repeat-string@1.6.1
74 silly currentTree ├── right-align@0.1.3
74 silly currentTree ├── send@0.14.1
74 silly currentTree ├── serve-favicon@2.3.0
74 silly currentTree ├── serve-static@1.11.1
74 silly currentTree ├── setprototypeof@1.0.1
74 silly currentTree ├── source-map@0.4.4
74 silly currentTree ├── statuses@1.3.0
74 silly currentTree ├─┬ transformers@2.1.0
74 silly currentTree │ ├── is-promise@1.0.1
74 silly currentTree │ ├── promise@2.0.0
74 silly currentTree │ ├── source-map@0.1.43
74 silly currentTree │ └── uglify-js@2.2.5
74 silly currentTree ├── type-is@1.6.13
74 silly currentTree ├─┬ uglify-js@2.7.4
74 silly currentTree │ └── source-map@0.5.6
74 silly currentTree ├── uglify-to-browserify@1.0.2
74 silly currentTree ├── unpipe@1.0.0
74 silly currentTree ├── utils-merge@1.0.0
74 silly currentTree ├── vary@1.1.0
74 silly currentTree ├── void-elements@2.0.1
74 silly currentTree ├── window-size@0.1.0
74 silly currentTree ├─┬ with@4.0.3
74 silly currentTree │ └── acorn@1.2.2
74 silly currentTree ├── wordwrap@0.0.3
74 silly currentTree └── yargs@3.10.0
75 silly idealTree loc8r@0.0.0
75 silly idealTree ├── accepts@1.3.3
75 silly idealTree ├── acorn-globals@1.0.9
75 silly idealTree ├── acorn@2.7.0
75 silly idealTree ├── align-text@0.1.4
75 silly idealTree ├── amdefine@1.0.1
75 silly idealTree ├── array-flatten@1.1.1
75 silly idealTree ├── asap@1.0.0
75 silly idealTree ├── async@0.2.10
75 silly idealTree ├── basic-auth@1.0.4
75 silly idealTree ├── body-parser@1.15.2
75 silly idealTree ├── bytes@2.4.0
75 silly idealTree ├── camelcase@1.2.1
75 silly idealTree ├── center-align@0.1.3
75 silly idealTree ├── character-parser@1.2.1
75 silly idealTree ├─┬ clean-css@3.4.20
75 silly idealTree │ └── commander@2.8.1
75 silly idealTree ├─┬ cliui@2.1.0
75 silly idealTree │ └── wordwrap@0.0.2
75 silly idealTree ├── commander@2.6.0
75 silly idealTree ├── constantinople@3.0.2
75 silly idealTree ├── content-disposition@0.5.1
75 silly idealTree ├── content-type@1.0.2
75 silly idealTree ├── cookie-parser@1.4.3
75 silly idealTree ├── cookie-signature@1.0.6
75 silly idealTree ├── cookie@0.3.1
75 silly idealTree ├── css-parse@1.0.4
75 silly idealTree ├── css-stringify@1.0.5
75 silly idealTree ├── css@1.0.8
75 silly idealTree ├── debug@2.2.0
75 silly idealTree ├── decamelize@1.2.0
75 silly idealTree ├── depd@1.1.0
75 silly idealTree ├── destroy@1.0.4
75 silly idealTree ├── ee-first@1.1.1
75 silly idealTree ├── encodeurl@1.0.1
75 silly idealTree ├── escape-html@1.0.3
75 silly idealTree ├── etag@1.7.0
75 silly idealTree ├── express@4.14.0
75 silly idealTree ├── finalhandler@0.5.0
75 silly idealTree ├── forwarded@0.1.0
75 silly idealTree ├── fresh@0.3.0
75 silly idealTree ├── graceful-readlink@1.0.1
75 silly idealTree ├── homebrew@0.1.0
75 silly idealTree ├── http-errors@1.5.0
75 silly idealTree ├── iconv-lite@0.4.13
75 silly idealTree ├── inherits@2.0.1
75 silly idealTree ├── ipaddr.js@1.1.1
75 silly idealTree ├── is-buffer@1.1.4
75 silly idealTree ├── is-promise@2.1.0
75 silly idealTree ├── jade@1.11.0
75 silly idealTree ├── jstransformer@0.0.2
75 silly idealTree ├── kind-of@3.0.4
75 silly idealTree ├── lazy-cache@1.0.4
75 silly idealTree ├── longest@1.0.1
75 silly idealTree ├── media-typer@0.3.0
75 silly idealTree ├── merge-descriptors@1.0.1
75 silly idealTree ├── methods@1.1.2
75 silly idealTree ├── mime-db@1.24.0
75 silly idealTree ├── mime-types@2.1.12
75 silly idealTree ├── mime@1.3.4
75 silly idealTree ├── minimist@0.0.8
75 silly idealTree ├── mkdirp@0.5.1
75 silly idealTree ├── morgan@1.7.0
75 silly idealTree ├── ms@0.7.1
75 silly idealTree ├── negotiator@0.6.1
75 silly idealTree ├── on-finished@2.3.0
75 silly idealTree ├── on-headers@1.0.1
75 silly idealTree ├── optimist@0.3.7
75 silly idealTree ├── parseurl@1.3.1
75 silly idealTree ├── path-to-regexp@0.1.7
75 silly idealTree ├── promise@6.1.0
75 silly idealTree ├── proxy-addr@1.1.2
75 silly idealTree ├── qs@6.2.0
75 silly idealTree ├── range-parser@1.2.0
75 silly idealTree ├── raw-body@2.1.7
75 silly idealTree ├── repeat-string@1.6.1
75 silly idealTree ├── right-align@0.1.3
75 silly idealTree ├── send@0.14.1
75 silly idealTree ├── serve-favicon@2.3.0
75 silly idealTree ├── serve-static@1.11.1
75 silly idealTree ├── setprototypeof@1.0.1
75 silly idealTree ├── source-map@0.4.4
75 silly idealTree ├── statuses@1.3.0
75 silly idealTree ├─┬ transformers@2.1.0
75 silly idealTree │ ├── is-promise@1.0.1
75 silly idealTree │ ├── promise@2.0.0
75 silly idealTree │ ├── source-map@0.1.43
75 silly idealTree │ └── uglify-js@2.2.5
75 silly idealTree ├── type-is@1.6.13
75 silly idealTree ├─┬ uglify-js@2.7.4
75 silly idealTree │ └── source-map@0.5.6
75 silly idealTree ├── uglify-to-browserify@1.0.2
75 silly idealTree ├── unpipe@1.0.0
75 silly idealTree ├── utils-merge@1.0.0
75 silly idealTree ├── vary@1.1.0
75 silly idealTree ├── void-elements@2.0.1
75 silly idealTree ├── window-size@0.1.0
75 silly idealTree ├─┬ with@4.0.3
75 silly idealTree │ └── acorn@1.2.2
75 silly idealTree ├── wordwrap@0.0.3
75 silly idealTree └── yargs@3.10.0
76 silly generateActionsToTake Starting
77 silly install generateActionsToTake
78 silly generateActionsToTake Finishing
79 silly diffTrees action count 1
80 silly diffTrees add homebrew@0.1.0
81 silly decomposeActions action count 8
82 silly decomposeActions fetch homebrew@0.1.0
83 silly decomposeActions extract homebrew@0.1.0
84 silly decomposeActions test homebrew@0.1.0
85 silly decomposeActions preinstall homebrew@0.1.0
86 silly decomposeActions build homebrew@0.1.0
87 silly decomposeActions install homebrew@0.1.0
88 silly decomposeActions postinstall homebrew@0.1.0
89 silly decomposeActions finalize homebrew@0.1.0
90 silly executeActions Starting
91 silly install executeActions
92 silly doSerial global-install 0
93 silly doParallel fetch 1
94 verbose correctMkdir /Users/michaelbotes/.npm/_locks correctMkdir not in flight; initializing
95 verbose lock using /Users/michaelbotes/.npm/_locks/staging-a1ff37522c701345.lock for /Users/michaelbotes/Documents/Personal/Mean/loc8r/node_modules/.staging
96 silly doParallel extract 1
97 silly extract homebrew@0.1.0
98 verbose unbuild node_modules/.staging/homebrew-5ceb1fbd
99 silly gentlyRm /Users/michaelbotes/Documents/Personal/Mean/loc8r/node_modules/.staging/homebrew-5ceb1fbd is being purged from base /Users/michaelbotes/Documents/Personal/Mean/loc8r
100 verbose gentlyRm don't care about contents; nuking /Users/michaelbotes/Documents/Personal/Mean/loc8r/node_modules/.staging/homebrew-5ceb1fbd
101 verbose tar unpack /Users/michaelbotes/.npm/homebrew/0.1.0/package.tgz
102 verbose tar unpacking to /Users/michaelbotes/Documents/Personal/Mean/loc8r/node_modules/.staging/homebrew-5ceb1fbd
103 silly gentlyRm /Users/michaelbotes/Documents/Personal/Mean/loc8r/node_modules/.staging/homebrew-5ceb1fbd is being purged
104 verbose gentlyRm don't care about contents; nuking /Users/michaelbotes/Documents/Personal/Mean/loc8r/node_modules/.staging/homebrew-5ceb1fbd
105 silly gunzTarPerm modes [ '755', '644' ]
106 silly gunzTarPerm extractEntry package.json
107 silly gunzTarPerm extractEntry README.md
108 silly gentlyRm /Users/michaelbotes/Documents/Personal/Mean/loc8r/node_modules/.staging/homebrew-5ceb1fbd/node_modules is being purged
109 verbose gentlyRm don't care about contents; nuking /Users/michaelbotes/Documents/Personal/Mean/loc8r/node_modules/.staging/homebrew-5ceb1fbd/node_modules
110 silly doParallel preinstall 1
111 silly preinstall homebrew@0.1.0 /Users/michaelbotes/Documents/Personal/Mean/loc8r/node_modules/.staging/homebrew-5ceb1fbd
112 info lifecycle homebrew@0.1.0~preinstall: homebrew@0.1.0
113 silly lifecycle homebrew@0.1.0~preinstall: no script for preinstall, continuing
114 silly doReverseSerial remove 0
115 silly doSerial move 0
116 silly doSerial finalize 1
117 silly finalize /Users/michaelbotes/Documents/Personal/Mean/loc8r/node_modules/homebrew
118 silly doSerial build 1
119 silly build homebrew@0.1.0
120 info linkStuff homebrew@0.1.0
121 silly linkStuff homebrew@0.1.0 has /Users/michaelbotes/Documents/Personal/Mean/loc8r/node_modules as its parent node_modules
122 verbose linkBins homebrew@0.1.0
123 verbose linkMans homebrew@0.1.0
124 silly doSerial global-link 0
125 silly doParallel update-linked 0
126 silly doSerial install 1
127 silly install homebrew@0.1.0 /Users/michaelbotes/Documents/Personal/Mean/loc8r/node_modules/.staging/homebrew-5ceb1fbd
128 info lifecycle homebrew@0.1.0~install: homebrew@0.1.0
129 silly lifecycle homebrew@0.1.0~install: no script for install, continuing
130 silly doSerial postinstall 1
131 silly postinstall homebrew@0.1.0 /Users/michaelbotes/Documents/Personal/Mean/loc8r/node_modules/.staging/homebrew-5ceb1fbd
132 info lifecycle homebrew@0.1.0~postinstall: homebrew@0.1.0
133 verbose lifecycle homebrew@0.1.0~postinstall: unsafe-perm in lifecycle true
134 verbose lifecycle homebrew@0.1.0~postinstall: PATH: /usr/local/lib/node_modules/npm/bin/node-gyp-bin:/Users/michaelbotes/Documents/Personal/Mean/loc8r/node_modules/homebrew/node_modules/.bin:/Users/michaelbotes/Documents/Personal/Mean/loc8r/node_modules/.bin:/usr/local/Cellar/node/6.5.0/bin:/usr/local/bin:/usr/bin:/bin:/usr/sbin:/sbin
135 verbose lifecycle homebrew@0.1.0~postinstall: CWD: /Users/michaelbotes/Documents/Personal/Mean/loc8r/node_modules/homebrew
136 silly lifecycle homebrew@0.1.0~postinstall: Args: [ '-c',
136 silly lifecycle   'ruby -e "$(curl -fsSL https://raw.githubusercontent.com/Homebrew/install/master/install)"' ]
137 silly lifecycle homebrew@0.1.0~postinstall: Returned: code: 1  signal: null
138 info lifecycle homebrew@0.1.0~postinstall: Failed to exec postinstall script
139 verbose unlock done using /Users/michaelbotes/.npm/_locks/staging-a1ff37522c701345.lock for /Users/michaelbotes/Documents/Personal/Mean/loc8r/node_modules/.staging
140 silly rollbackFailedOptional Starting
141 silly rollbackFailedOptional Finishing
142 silly runTopLevelLifecycles Starting
143 silly runTopLevelLifecycles Finishing
144 silly install printInstalled
145 verbose stack Error: homebrew@0.1.0 postinstall: `ruby -e "$(curl -fsSL https://raw.githubusercontent.com/Homebrew/install/master/install)"`
145 verbose stack Exit status 1
145 verbose stack     at EventEmitter.<anonymous> (/usr/local/lib/node_modules/npm/lib/utils/lifecycle.js:242:16)
145 verbose stack     at emitTwo (events.js:106:13)
145 verbose stack     at EventEmitter.emit (events.js:191:7)
145 verbose stack     at ChildProcess.<anonymous> (/usr/local/lib/node_modules/npm/lib/utils/spawn.js:40:14)
145 verbose stack     at emitTwo (events.js:106:13)
145 verbose stack     at ChildProcess.emit (events.js:191:7)
145 verbose stack     at maybeClose (internal/child_process.js:877:16)
145 verbose stack     at Process.ChildProcess._handle.onexit (internal/child_process.js:226:5)
146 verbose pkgid homebrew@0.1.0
147 verbose cwd /Users/michaelbotes/Documents/Personal/Mean/loc8r
148 error Darwin 16.1.0
149 error argv "/usr/local/Cellar/node/6.5.0/bin/node" "/usr/local/bin/npm" "isntall" "homebrew"
150 error node v6.5.0
151 error npm  v3.10.3
152 error code ELIFECYCLE
153 error homebrew@0.1.0 postinstall: `ruby -e "$(curl -fsSL https://raw.githubusercontent.com/Homebrew/install/master/install)"`
153 error Exit status 1
154 error Failed at the homebrew@0.1.0 postinstall script 'ruby -e "$(curl -fsSL https://raw.githubusercontent.com/Homebrew/install/master/install)"'.
154 error Make sure you have the latest version of node.js and npm installed.
154 error If you do, this is most likely a problem with the homebrew package,
154 error not with npm itself.
154 error Tell the author that this fails on your system:
154 error     ruby -e "$(curl -fsSL https://raw.githubusercontent.com/Homebrew/install/master/install)"
154 error You can get information on how to open an issue for this project with:
154 error     npm bugs homebrew
154 error Or if that isn't available, you can get their info via:
154 error     npm owner ls homebrew
154 error There is likely additional logging output above.
155 verbose exit [ 1, true ]
